TN:
SF:script/DiamondHandsVault.s.sol
DA:10,0
FN:10,CounterScript.setUp
FNDA:0,CounterScript.setUp
DA:12,0
FN:12,CounterScript.run
FNDA:0,CounterScript.run
DA:13,0
DA:15,0
FNF:2
FNH:0
LF:4
LH:0
BRF:0
BRH:0
end_of_record
TN:
SF:src/DiamondHandsVault.sol
DA:98,23
FN:98,DiamondHandsVault.constructor
FNDA:23,DiamondHandsVault.constructor
DA:106,23
BRDA:106,0,0,1
DA:107,22
BRDA:107,1,0,1
DA:108,21
BRDA:108,2,0,1
DA:110,20
DA:111,1
BRDA:111,3,0,1
DA:113,19
DA:114,19
DA:115,19
DA:116,19
DA:117,19
DA:118,19
DA:122,1
FN:122,DiamondHandsVault.receive
FNDA:1,DiamondHandsVault.receive
DA:123,1
DA:129,3
FN:129,DiamondHandsVault.withdraw
FNDA:3,DiamondHandsVault.withdraw
DA:130,3
DA:131,3
BRDA:131,4,0,1
DA:132,2
DA:133,2
DA:135,2
DA:136,2
DA:138,1
BRDA:138,5,0,1
BRDA:138,5,1,1
DA:139,1
DA:141,1
DA:142,1
DA:145,2
BRDA:145,6,0,1
DA:146,1
DA:148,2
BRDA:148,7,0,2
DA:149,2
DA:152,2
DA:159,6
FN:159,DiamondHandsVault.notifyAllTimeHigh
FNDA:6,DiamondHandsVault.notifyAllTimeHigh
DA:160,1
BRDA:160,8,0,1
DA:162,5
DA:164,5
BRDA:164,9,0,1
DA:166,4
DA:168,4
DA:170,4
DA:176,8
FN:176,DiamondHandsVault.deposit
FNDA:8,DiamondHandsVault.deposit
DA:177,9
BRDA:177,10,0,1
DA:178,1
BRDA:178,11,0,1
DA:180,7
DA:181,7
DA:183,7
DA:185,7
DA:187,7
BRDA:187,12,0,1
DA:189,6
DA:191,6
DA:193,6
DA:200,4
FN:200,DiamondHandsVault.getETHPrice
FNDA:4,DiamondHandsVault.getETHPrice
DA:201,9
DA:202,9
DA:204,9
BRDA:204,13,0,1
BRDA:204,13,1,8
DA:206,8
BRDA:206,14,0,1
BRDA:206,14,1,7
DA:207,7
BRDA:207,15,0,1
BRDA:207,15,1,6
DA:209,6
FNF:6
FNH:6
LF:55
LH:55
BRF:20
BRH:20
end_of_record
